[neobundle/install] Update started: (2015/06/12 20:52:41)
[neobundle/install] ( 1/61): |vimproc| git clone --recursive https://github.com/Shougo/vimproc.git "/Users/arpit/.vim/bundle/vimproc"
[neobundle/install] ( 2/61): |summerfruit256.vim| git clone --recursive https://github.com/vim-scripts/summerfruit256.vim.git "/Users/arpit/.vim/bundle/summerfruit256.vim"
[neobundle/install] ( 3/61): |vim-textobj-entire| git clone --recursive https://github.com/kana/vim-textobj-entire.git "/Users/arpit/.vim/bundle/vim-textobj-entire"
[neobundle/install] ( 4/61): |unite-cmdmatch| git clone --recursive https://github.com/joedicastro/unite-cmdmatch.git "/Users/arpit/.vim/bundle/unite-cmdmatch"
[neobundle/install] Building...
[neobundle/install] clang -O2 -W -Wall -Wno-unused -Wno-unused-parameter -bundle -fPIC  -o autoload/vimproc_mac.so autoload/proc.c 
[neobundle/install] ( 1/61): |vimproc| Updated
[neobundle/install] |vimproc|  -> c286dcbdfca9e0ee1a4cb90f09c3f03638112f5a
[neobundle/install] ( 2/61): |summerfruit256.vim| Updated
[neobundle/install] |summerfruit256.vim|  -> bc8c76de922bfa6941136e3a2454ae5c3b50bf07
[neobundle/install] ( 3/61): |vim-textobj-entire| Updated
[neobundle/install] |vim-textobj-entire|  -> 41c12e1d957f9247cf31b7444a3077c581d2776c
[neobundle/install] ( 4/61): |unite-cmdmatch| Updated
[neobundle/install] |unite-cmdmatch|  -> a8f4f676bd87c4cdb9487e4c0a84f1910c99ff85
[neobundle/install] ( 5/61): |vimfiler| git clone --recursive https://github.com/Shougo/vimfiler.git "/Users/arpit/.vim/bundle/vimfiler"
[neobundle/install] ( 6/61): |vim-signature| git clone --recursive https://github.com/kshenoy/vim-signature.git "/Users/arpit/.vim/bundle/vim-signature"
[neobundle/install] ( 7/61): |utl.vim| git clone --recursive https://github.com/vim-scripts/utl.vim.git "/Users/arpit/.vim/bundle/utl.vim"
[neobundle/install] ( 8/61): |zoomwintab.vim| git clone --recursive https://github.com/vim-scripts/zoomwintab.vim.git "/Users/arpit/.vim/bundle/zoomwintab.vim"
[neobundle/install] ( 8/61): |zoomwintab.vim| Updated
[neobundle/install] |zoomwintab.vim|  -> 6d664245046e4934449552fe39b8991e481e8a0e
[neobundle/install] ( 9/61): |html5.vim| git clone --recursive https://github.com/othree/html5.vim.git "/Users/arpit/.vim/bundle/html5.vim"
[neobundle/install] ( 7/61): |utl.vim| Updated
[neobundle/install] |utl.vim|  -> 67a6506a7a8a3847d00d3af3e2ed9707460d5ce5
[neobundle/install] (10/61): |vinarise.vim| git clone --recursive https://github.com/Shougo/vinarise.vim.git "/Users/arpit/.vim/bundle/vinarise.vim"
[neobundle/install] ( 6/61): |vim-signature| Updated
[neobundle/install] |vim-signature|  -> 7ab61e2a5101ec139a54735b432a6e95a22770d8
[neobundle/install] (11/61): |junkfile.vim| git clone --recursive https://github.com/Shougo/junkfile.vim.git "/Users/arpit/.vim/bundle/junkfile.vim"
[neobundle/install] ( 9/61): |html5.vim| Updated
[neobundle/install] |html5.vim|  -> 40e924c9f333609e8c5b0bbf30775281e1cd9ccf
[neobundle/install] (12/61): |vim-isort| git clone --recursive https://github.com/fisadev/vim-isort.git "/Users/arpit/.vim/bundle/vim-isort"
[neobundle/install] (10/61): |vinarise.vim| Updated
[neobundle/install] |vinarise.vim|  -> b0425e829c0a12cd49a923130e1896bbca7ea2b8
[neobundle/install] (11/61): |junkfile.vim| Updated
[neobundle/install] |junkfile.vim|  -> 959b3137dda456789d402b416d962baefc3b5ab4
[neobundle/install] (13/61): |unite-mark| git clone --recursive https://github.com/tacroe/unite-mark.git "/Users/arpit/.vim/bundle/unite-mark"
[neobundle/install] (14/61): |vim-speeddating| git clone --recursive https://github.com/tpope/vim-speeddating.git "/Users/arpit/.vim/bundle/vim-speeddating"
[neobundle/install] (12/61): |vim-isort| Updated
[neobundle/install] |vim-isort|  -> 561c6c55cf7741756dd65b19bac383a4ed5d68af
[neobundle/install] (15/61): |harlequin| git clone --recursive https://github.com/nielsmadan/harlequin.git "/Users/arpit/.vim/bundle/harlequin"
[neobundle/install] ( 5/61): |vimfiler| Updated
[neobundle/install] |vimfiler|  -> 22ba49af5159ab2dbbe239040394ce50b7d9c219
[neobundle/install] (16/61): |python-mode| git clone --recursive https://github.com/klen/python-mode.git "/Users/arpit/.vim/bundle/python-mode"
[neobundle/install] (13/61): |unite-mark| Updated
[neobundle/install] |unite-mark|  -> c6353b0b0a3ecb2dd316b57a351cd71eb580bf57
[neobundle/install] (14/61): |vim-speeddating| Updated
[neobundle/install] |vim-speeddating|  -> 426c792e479f6e1650a6996c683943a09344c21e
[neobundle/install] (15/61): |harlequin| Updated
[neobundle/install] |harlequin|  -> 2a3f43dd32efc32284d699c239265ca63263f51b
[neobundle/install] (17/61): |easydigraph.vim| git clone --recursive https://github.com/Rykka/easydigraph.vim.git "/Users/arpit/.vim/bundle/easydigraph.vim"
[neobundle/install] (18/61): |unite-locate| git clone --recursive https://github.com/ujihisa/unite-locate.git "/Users/arpit/.vim/bundle/unite-locate"
[neobundle/install] (19/61): |unite-quickfix| git clone --recursive https://github.com/osyo-manga/unite-quickfix.git "/Users/arpit/.vim/bundle/unite-quickfix"
[neobundle/install] (17/61): |easydigraph.vim| Updated
[neobundle/install] |easydigraph.vim|  -> c2368a3eeb9b24bccc65a9e21baadd0d5f31226d
[neobundle/install] (18/61): |unite-locate| Updated
[neobundle/install] |unite-locate|  -> 2f656108991573c77847f64047d742344c961ff8
[neobundle/install] (19/61): |unite-quickfix| Updated
[neobundle/install] |unite-quickfix|  -> f9b8d5f95ff2536abca1e81bd67dc740e5ee24a6
[neobundle/install] (20/61): |unite-filetype| git clone --recursive https://github.com/osyo-manga/unite-filetype.git "/Users/arpit/.vim/bundle/unite-filetype"
[neobundle/install] (21/61): |vim-pentadactyl| git clone --recursive https://github.com/joedicastro/vim-pentadactyl.git "/Users/arpit/.vim/bundle/vim-pentadactyl"
[neobundle/install] (22/61): |gitv| git clone --recursive https://github.com/gregsexton/gitv.git "/Users/arpit/.vim/bundle/gitv"
[neobundle/install] (20/61): |unite-filetype| Updated
[neobundle/install] |unite-filetype|  -> ab9721b9c3c9e837623fba1aee4dd80ea377856b
[neobundle/install] (21/61): |vim-pentadactyl| Updated
[neobundle/install] |vim-pentadactyl|  -> 017b9ce74e722ad4acc6fb99e3467a6b55409fd7
[neobundle/install] (23/61): |vim-commentary| git clone --recursive https://github.com/tpope/vim-commentary.git "/Users/arpit/.vim/bundle/vim-commentary"
[neobundle/install] (24/61): |vim-json| git clone --recursive https://github.com/elzr/vim-json.git "/Users/arpit/.vim/bundle/vim-json"
[neobundle/install] (23/61): |vim-commentary| Updated
[neobundle/install] |vim-commentary|  -> 9c685131a5facfa0d643feca3a61b41c007d8170
[neobundle/install] (25/61): |unite-spell-suggest| git clone --recursive https://github.com/kopischke/unite-spell-suggest.git "/Users/arpit/.vim/bundle/unite-spell-suggest"
[neobundle/install] (24/61): |vim-json| Updated
[neobundle/install] |vim-json|  -> f5e3181d0b33a9c51377bb7ea8492feddca8b503
[neobundle/install] (26/61): |DirDiff.vim| git clone --recursive https://github.com/joedicastro/DirDiff.vim.git "/Users/arpit/.vim/bundle/DirDiff.vim"
[neobundle/install] (22/61): |gitv| Updated
[neobundle/install] |gitv|  -> 1f12f8e8e2b9939451e8b7c74ce4f7f5bc80dd40
[neobundle/install] (27/61): |po.vim--gray| git clone --recursive https://github.com/vim-scripts/po.vim--gray.git "/Users/arpit/.vim/bundle/po.vim--gray"
[neobundle/install] (26/61): |DirDiff.vim| Updated
[neobundle/install] |DirDiff.vim|  -> 71799a73e091fc9dec36c4d88ed7a35b2f052f6f
[neobundle/install] (28/61): |vimux| git clone --recursive https://github.com/benmills/vimux.git "/Users/arpit/.vim/bundle/vimux"
[neobundle/install] (27/61): |po.vim--gray| Updated
[neobundle/install] |po.vim--gray|  -> fc669d7a02a735dcdcf8dfda9e4544ee37e50c0c
[neobundle/install] (29/61): |vim-unite-history| git clone --recursive https://github.com/thinca/vim-unite-history.git "/Users/arpit/.vim/bundle/vim-unite-history"
[neobundle/install] (29/61): |vim-unite-history| Updated
[neobundle/install] |vim-unite-history|  -> 73c766a4dcaa52a1c0306aad81403dc4457c1776
[neobundle/install] (30/61): |loremipsum| git clone --recursive https://github.com/vim-scripts/loremipsum.git "/Users/arpit/.vim/bundle/loremipsum"
[neobundle/install] (28/61): |vimux| Updated
[neobundle/install] |vimux|  -> a1db73079f7448f71e9693277db62d3cb5bad8ef
[neobundle/install] (31/61): |vim-tmux| git clone --recursive https://github.com/vimez/vim-tmux.git "/Users/arpit/.vim/bundle/vim-tmux"
[neobundle/install] (25/61): |unite-spell-suggest| Updated
[neobundle/install] |unite-spell-suggest|  -> 616c11b4abbfa02bb38ac610ea9c84bd516da2da
[neobundle/install] (32/61): |winresizer| git clone --recursive https://github.com/jimsei/winresizer.git "/Users/arpit/.vim/bundle/winresizer"
[neobundle/install] (30/61): |loremipsum| Updated
[neobundle/install] |loremipsum|  -> 39354ae1c86c89bf36a4af7c6d4b9ca0c0a9eedf
[neobundle/install] (33/61): |neomru.vim| git clone --recursive https://github.com/Shougo/neomru.vim.git "/Users/arpit/.vim/bundle/neomru.vim"
[neobundle/install] (31/61): |vim-tmux| Updated
[neobundle/install] |vim-tmux|  -> d3e78379ad0f6c311eb50ed265aa4d0bc06dcda1
[neobundle/install] (34/61): |vim-textobj-underscore| git clone --recursive https://github.com/kana/vim-textobj-underscore.git "/Users/arpit/.vim/bundle/vim-textobj-underscore"
[neobundle/install] (32/61): |winresizer| Updated
[neobundle/install] |winresizer|  -> 1d1f7658e694f349486b0b3948b207fd50920729
[neobundle/install] (34/61): |vim-textobj-underscore| Updated
[neobundle/install] |vim-textobj-underscore|  -> 81df1abe23afa8960f576d492d6f63e728eff18f
[neobundle/install] (35/61): |unite-outline| git clone --recursive https://github.com/Shougo/unite-outline.git "/Users/arpit/.vim/bundle/unite-outline"
[neobundle/install] (36/61): |colorv.vim| git clone --recursive https://github.com/Rykka/colorv.vim.git "/Users/arpit/.vim/bundle/colorv.vim"
[neobundle/install] (16/61): |python-mode| Updated
[neobundle/install] |python-mode|  -> 9c8468e83232c3e45b730d2d0b28d609053dec05
[neobundle/install] (33/61): |neomru.vim| Updated
[neobundle/install] |neomru.vim|  -> e72bef33c7f6af3d17c9968f9ac7bb2fda2a2bde
[neobundle/install] (37/61): |vim-repeat| git clone --recursive https://github.com/tpope/vim-repeat.git "/Users/arpit/.vim/bundle/vim-repeat"
[neobundle/install] (38/61): |vim-markdown-extra-preview| git clone --recursive https://github.com/joedicastro/vim-markdown-extra-preview.git "/Users/arpit/.vim/bundle/vim-markdown-extra-preview"
[neobundle/install] (37/61): |vim-repeat| Updated
[neobundle/install] |vim-repeat|  -> 7a6675f092842c8f81e71d5345bd7cdbf3759415
[neobundle/install] (39/61): |vim-textobj-indent| git clone --recursive https://github.com/kana/vim-textobj-indent.git "/Users/arpit/.vim/bundle/vim-textobj-indent"
[neobundle/install] (38/61): |vim-markdown-extra-preview| Updated
[neobundle/install] |vim-markdown-extra-preview|  -> 5c2b97cb7f37746d5a89b08ea2d5cbad500ad573
[neobundle/install] (40/61): |vim-textobj-user| git clone --recursive https://github.com/kana/vim-textobj-user.git "/Users/arpit/.vim/bundle/vim-textobj-user"
[neobundle/install] (36/61): |colorv.vim| Updated
[neobundle/install] |colorv.vim|  -> e9372d163beb99e594ef43a8d074d2f0aa425e7b
[neobundle/install] (41/61): |neocomplete.vim| git clone --recursive https://github.com/Shougo/neocomplete.vim.git "/Users/arpit/.vim/bundle/neocomplete.vim"
[neobundle/install] (39/61): |vim-textobj-indent| Updated
[neobundle/install] |vim-textobj-indent|  -> deb76867c302f933c8f21753806cbf2d8461b548
[neobundle/install] (42/61): |vim-transpose| git clone --recursive https://github.com/salsifis/vim-transpose.git "/Users/arpit/.vim/bundle/vim-transpose"
[neobundle/install] (40/61): |vim-textobj-user| Updated
[neobundle/install] |vim-textobj-user|  -> a3054162c09bcf732624f43ddacbd85dad09713b
[neobundle/install] (43/61): |vim-textobj-line| git clone --recursive https://github.com/kana/vim-textobj-line.git "/Users/arpit/.vim/bundle/vim-textobj-line"
[neobundle/install] (35/61): |unite-outline| Updated
[neobundle/install] |unite-outline|  -> f03cfe49dd92af8d416a04707cc30d1529bdf3ac
[neobundle/install] (42/61): |vim-transpose| Updated
[neobundle/install] |vim-transpose|  -> b4a4d96c90e98fe39bd80534dc7b43d7eaaeb409
[neobundle/install] (44/61): |vim-github256| git clone --recursive https://github.com/joedicastro/vim-github256.git "/Users/arpit/.vim/bundle/vim-github256"
[neobundle/install] (45/61): |vim-textobj-lastpat| git clone --recursive https://github.com/kana/vim-textobj-lastpat.git "/Users/arpit/.vim/bundle/vim-textobj-lastpat"
[neobundle/install] (43/61): |vim-textobj-line| Updated
[neobundle/install] |vim-textobj-line|  -> f8ab33c017f329248773e92968a7a3497b48d287
[neobundle/install] (46/61): |riv.vim| git clone --recursive https://github.com/Rykka/riv.vim.git "/Users/arpit/.vim/bundle/riv.vim"
[neobundle/install] (41/61): |neocomplete.vim| Updated
[neobundle/install] |neocomplete.vim|  -> 890d68ad85f30dbe449a9e58a8646b1f6d7a7f6e
[neobundle/install] (44/61): |vim-github256| Updated
[neobundle/install] |vim-github256|  -> 6261764c39ed095eb8992c23690f5e8a85b07051
[neobundle/install] (45/61): |vim-textobj-lastpat| Updated
[neobundle/install] |vim-textobj-lastpat|  -> 686aa837e3aa649b16572d5d55eb2d8c7fc6c78a
[neobundle/install] (47/61): |dbext.vim| git clone --recursive https://github.com/joedicastro/dbext.vim.git "/Users/arpit/.vim/bundle/dbext.vim"
[neobundle/install] (48/61): |vim-gitgutter| git clone --recursive https://github.com/airblade/vim-gitgutter.git "/Users/arpit/.vim/bundle/vim-gitgutter"
[neobundle/install] (49/61): |vim-coffee-script| git clone --recursive https://github.com/kchmck/vim-coffee-script.git "/Users/arpit/.vim/bundle/vim-coffee-script"
[neobundle/install] (47/61): |dbext.vim| Updated
[neobundle/install] |dbext.vim|  -> d51cfaba0853f8859bd84249bb7a36bb8c563927
[neobundle/install] (48/61): |vim-gitgutter| Updated
[neobundle/install] |vim-gitgutter|  -> 339f8ba079ed7d465ca442c9032b36bc56c21f61
[neobundle/install] (50/61): |delimitMate.vim| git clone --recursive https://github.com/vim-scripts/delimitMate.vim.git "/Users/arpit/.vim/bundle/delimitMate.vim"
[neobundle/install] (51/61): |vim-characterize| git clone --recursive https://github.com/tpope/vim-characterize.git "/Users/arpit/.vim/bundle/vim-characterize"
[neobundle/install] (49/61): |vim-coffee-script| Updated
[neobundle/install] |vim-coffee-script|  -> 32fe889b8cafd3a4921ef8e6485156453ff58c42
[neobundle/install] (52/61): |vim-github-dashboard| git clone --recursive https://github.com/joedicastro/vim-github-dashboard.git "/Users/arpit/.vim/bundle/vim-github-dashboard"
[neobundle/install] (50/61): |delimitMate.vim| Updated
[neobundle/install] |delimitMate.vim|  -> a2bda0d9199bc8343ffdbff2b562b1e2486a67b5
[neobundle/install] (53/61): |coveragepy.vim| git clone --recursive https://github.com/alfredodeza/coveragepy.vim.git "/Users/arpit/.vim/bundle/coveragepy.vim"
[neobundle/install] (46/61): |riv.vim| Updated
[neobundle/install] |riv.vim|  -> 4562fbe0625f0ab1b27287ab4862ba9b61c5da34
[neobundle/install] (54/61): |unite-colorscheme| git clone --recursive https://github.com/ujihisa/unite-colorscheme.git "/Users/arpit/.vim/bundle/unite-colorscheme"
[neobundle/install] (51/61): |vim-characterize| Updated
[neobundle/install] |vim-characterize|  -> 871364dbc2bceab0db4e365a85e208ab6dd2c4fd
[neobundle/install] (55/61): |unite-help| git clone --recursive https://github.com/tsukkee/unite-help.git "/Users/arpit/.vim/bundle/unite-help"
[neobundle/install] (54/61): |unite-colorscheme| Updated
[neobundle/install] |unite-colorscheme|  -> 3aa33866a183f7659594a3f6b66b2334eaebc6a0
[neobundle/install] (56/61): |badwolf| git clone --recursive https://github.com/sjl/badwolf.git "/Users/arpit/.vim/bundle/badwolf"
[neobundle/install] (53/61): |coveragepy.vim| Updated
[neobundle/install] |coveragepy.vim|  -> 6742cc6a8b562afb82c5fe79d901a8d455cdea09
[neobundle/install] (55/61): |unite-help| Updated
[neobundle/install] |unite-help|  -> 5a8dc6cf157627f8ebf16ca60dec2d4125f8008f
[neobundle/install] (57/61): |vim-virtualenv| git clone --recursive https://github.com/jmcantrell/vim-virtualenv.git "/Users/arpit/.vim/bundle/vim-virtualenv"
[neobundle/install] (58/61): |csapprox| git clone --recursive https://github.com/godlygeek/csapprox.git "/Users/arpit/.vim/bundle/csapprox"
[neobundle/install] (56/61): |badwolf| Updated
[neobundle/install] |badwolf|  -> e6fdf1844ac7fe9f479f93846081f9294eb992c0
[neobundle/install] (57/61): |vim-virtualenv| Updated
[neobundle/install] |vim-virtualenv|  -> e51a02ebe1bc96138c228a0baa86945993123bd0
[neobundle/install] (59/61): |indentLine| git clone --recursive https://github.com/Yggdroot/indentLine.git "/Users/arpit/.vim/bundle/indentLine"
[neobundle/install] (60/61): |unite-fold| git clone --recursive https://github.com/osyo-manga/unite-fold.git "/Users/arpit/.vim/bundle/unite-fold"
[neobundle/install] (58/61): |csapprox| Updated
[neobundle/install] |csapprox|  -> 7981dac51d8b6776985aa08cb7b5ee98ea7f2ddd
[neobundle/install] (61/61): |vim-markdown| git clone --recursive https://github.com/joedicastro/vim-markdown.git "/Users/arpit/.vim/bundle/vim-markdown"
[neobundle/install] (60/61): |unite-fold| Updated
[neobundle/install] |unite-fold|  -> a07b9589a48a842de5ba0ea33f1ea5ba0ae31ec0
[neobundle/install] (59/61): |indentLine| Updated
[neobundle/install] |indentLine|  -> efce4fa4a48c3060dcf2173e099a2bf52d727225
[neobundle/install] (61/61): |vim-markdown| Updated
[neobundle/install] |vim-markdown|  -> e54934763da5672103b0eee2e60d0abca7541455
[neobundle/install] (52/61): |vim-github-dashboard| Updated
[neobundle/install] |vim-github-dashboard|  -> 1e1a9eb8272bf5a88d85eb3c452cac26f27c2f8e
[neobundle/install] Helptags: done. 51 bundles processed
[neobundle/install] Installed/Updated bundles:
[neobundle/install] vimproc
[neobundle/install] summerfruit256.vim
[neobundle/install] vim-textobj-entire
[neobundle/install] unite-cmdmatch
[neobundle/install] zoomwintab.vim
[neobundle/install] utl.vim
[neobundle/install] vim-signature
[neobundle/install] html5.vim
[neobundle/install] vinarise.vim
[neobundle/install] junkfile.vim
[neobundle/install] vim-isort
[neobundle/install] vimfiler
[neobundle/install] unite-mark
[neobundle/install] vim-speeddating
[neobundle/install] harlequin
[neobundle/install] easydigraph.vim
[neobundle/install] unite-locate
[neobundle/install] unite-quickfix
[neobundle/install] unite-filetype
[neobundle/install] vim-pentadactyl
[neobundle/install] vim-commentary
[neobundle/install] vim-json
[neobundle/install] gitv
[neobundle/install] DirDiff.vim
[neobundle/install] po.vim--gray
[neobundle/install] vim-unite-history
[neobundle/install] vimux
[neobundle/install] unite-spell-suggest
[neobundle/install] loremipsum
[neobundle/install] vim-tmux
[neobundle/install] winresizer
[neobundle/install] vim-textobj-underscore
[neobundle/install] python-mode
[neobundle/install] neomru.vim
[neobundle/install] vim-repeat
[neobundle/install] vim-markdown-extra-preview
[neobundle/install] colorv.vim
[neobundle/install] vim-textobj-indent
[neobundle/install] vim-textobj-user
[neobundle/install] unite-outline
[neobundle/install] vim-transpose
[neobundle/install] vim-textobj-line
[neobundle/install] neocomplete.vim
[neobundle/install] vim-github256
[neobundle/install] vim-textobj-lastpat
[neobundle/install] dbext.vim
[neobundle/install] vim-gitgutter
[neobundle/install] vim-coffee-script
[neobundle/install] delimitMate.vim
[neobundle/install] riv.vim
[neobundle/install] vim-characterize
[neobundle/install] unite-colorscheme
[neobundle/install] coveragepy.vim
[neobundle/install] unite-help
[neobundle/install] badwolf
[neobundle/install] vim-virtualenv
[neobundle/install] csapprox
[neobundle/install] unite-fold
[neobundle/install] indentLine
[neobundle/install] vim-markdown
[neobundle/install] vim-github-dashboard
[neobundle/install] Update done: (2015/06/12 20:55:37)
[neobundle/install] Target bundles not found.
[neobundle/install] You may have used the wrong bundle name, or all of the bundles are already installed.
